<testsuite failures="0" name="src/main/java/Swagger_Petstore.feature" skipped="0" tests="19" time="30.938613">
  <testcase classname="src.main.java.Swagger_Petstore" name="add a new pet to the store" time="3.002384">
    <system-out>Given url 'https://petstore.swagger.io/v2/pet' ............................ passed
And request {"id": 1,"category": {"id": 1, "name": "Dog"},"name": "James","photoUrls": ["https://image.cnbcfm.com/api/v1/image/105992231-1561667465295gettyimages-521697453.jpeg?v=1561667497&amp;w=740&amp;h=416"],"tags": [{"id": 0,"name": "dog1"}],"status": "available"} . passed
When method post .......................................................... passed
Then status 200 ........................................................... passed
And match response.name contains 'James' .................................. passed</system-out>
  </testcase>
  <testcase classname="src.main.java.Swagger_Petstore" name="upload file" time="2.183595">
    <system-out>Given url 'https://petstore.swagger.io/v2/pet' ............................ passed
And request {"id": 1,"category": {"id": 1, "name": "Dog"},"name": "James","photoUrls": ["https://image.cnbcfm.com/api/v1/image/105992231-1561667465295gettyimages-521697453.jpeg?v=1561667497&amp;w=740&amp;h=416"],"tags": [{"id": 0,"name": "dog1"}],"status": "available"} . passed
When method post .......................................................... passed
Then status 200 ........................................................... passed
And match response.name contains 'James' .................................. passed
Given url 'https://petstore.swagger.io/v2/pet/1/uploadImage' .............. passed
And multipart field file = read('maxresdefault.jpg') ...................... passed
And header accept = 'application/json' .................................... passed
And header Content-Type = 'multipart/form-data' ........................... passed
When method post .......................................................... passed
Then status 200 ........................................................... passed
And match response.message contains 'File uploaded' ....................... passed</system-out>
  </testcase>
  <testcase classname="src.main.java.Swagger_Petstore" name="Update an existing pet" time="1.278528">
    <system-out>Given url 'https://petstore.swagger.io/v2/pet' ............................ passed
And request {"id": 1,"category": {"id": 1, "name": "Dog"},"name": "James","photoUrls": ["https://image.cnbcfm.com/api/v1/image/105992231-1561667465295gettyimages-521697453.jpeg?v=1561667497&amp;w=740&amp;h=416"],"tags": [{"id": 0,"name": "dog1"}],"status": "available"} . passed
When method post .......................................................... passed
Then status 200 ........................................................... passed
And match response.name contains 'James' .................................. passed
Given url 'https://petstore.swagger.io/v2/pet/1/uploadImage' .............. passed
And multipart field file = read('maxresdefault.jpg') ...................... passed
And header accept = 'application/json' .................................... passed
And header Content-Type = 'multipart/form-data' ........................... passed
When method post .......................................................... passed
Then status 200 ........................................................... passed
And match response.message contains 'File uploaded' ....................... passed
Given url 'https://petstore.swagger.io/v2/pet' ............................ passed
And request {"id": 1,"category": {"id": 1, "name": "Dog"},"name": "James Anderson","photoUrls": ["https://image.cnbcfm.com/api/v1/image/105992231-1561667465295gettyimages-521697453.jpeg?v=1561667497&amp;w=740&amp;h=416"],"tags": [{"id": 0,"name": "dog1"}],"status": "available"} . passed
When method put ........................................................... passed
Then status 200 ........................................................... passed
And match response.name contains 'James Anderson' ......................... passed</system-out>
  </testcase>
  <testcase classname="src.main.java.Swagger_Petstore" name="Finds Pets by status" time="4.281588">
    <system-out>Given url 'https://petstore.swagger.io/v2/pet' ............................ passed
And request {"id": 1,"category": {"id": 1, "name": "Dog"},"name": "James","photoUrls": ["https://image.cnbcfm.com/api/v1/image/105992231-1561667465295gettyimages-521697453.jpeg?v=1561667497&amp;w=740&amp;h=416"],"tags": [{"id": 0,"name": "dog1"}],"status": "available"} . passed
When method post .......................................................... passed
Then status 200 ........................................................... passed
And match response.name contains 'James' .................................. passed
Given url 'https://petstore.swagger.io/v2/pet/1/uploadImage' .............. passed
And multipart field file = read('maxresdefault.jpg') ...................... passed
And header accept = 'application/json' .................................... passed
And header Content-Type = 'multipart/form-data' ........................... passed
When method post .......................................................... passed
Then status 200 ........................................................... passed
And match response.message contains 'File uploaded' ....................... passed
Given url 'https://petstore.swagger.io/v2/pet' ............................ passed
And request {"id": 1,"category": {"id": 1, "name": "Dog"},"name": "James Anderson","photoUrls": ["https://image.cnbcfm.com/api/v1/image/105992231-1561667465295gettyimages-521697453.jpeg?v=1561667497&amp;w=740&amp;h=416"],"tags": [{"id": 0,"name": "dog1"}],"status": "available"} . passed
When method put ........................................................... passed
Then status 200 ........................................................... passed
And match response.name contains 'James Anderson' ......................... passed
Given url 'https://petstore.swagger.io/v2/pet/findByStatus?status=available' . passed
When method get ........................................................... passed
Then status 200 ........................................................... passed
Given url 'https://petstore.swagger.io/v2/pet/findByStatus?status=pending' . passed
When method get ........................................................... passed
Then status 200 ........................................................... passed
Given url 'https://petstore.swagger.io/v2/pet/findByStatus?status=sold' ... passed
When method get ........................................................... passed
Then status 200 ........................................................... passed</system-out>
  </testcase>
  <testcase classname="src.main.java.Swagger_Petstore" name="Find pet by ID" time="2.027343">
    <system-out>Given url 'https://petstore.swagger.io/v2/pet' ............................ passed
And request {"id": 1,"category": {"id": 1, "name": "Dog"},"name": "James","photoUrls": ["https://image.cnbcfm.com/api/v1/image/105992231-1561667465295gettyimages-521697453.jpeg?v=1561667497&amp;w=740&amp;h=416"],"tags": [{"id": 0,"name": "dog1"}],"status": "available"} . passed
When method post .......................................................... passed
Then status 200 ........................................................... passed
And match response.name contains 'James' .................................. passed
Given url 'https://petstore.swagger.io/v2/pet/1/uploadImage' .............. passed
And multipart field file = read('maxresdefault.jpg') ...................... passed
And header accept = 'application/json' .................................... passed
And header Content-Type = 'multipart/form-data' ........................... passed
When method post .......................................................... passed
Then status 200 ........................................................... passed
And match response.message contains 'File uploaded' ....................... passed
Given url 'https://petstore.swagger.io/v2/pet' ............................ passed
And request {"id": 1,"category": {"id": 1, "name": "Dog"},"name": "James Anderson","photoUrls": ["https://image.cnbcfm.com/api/v1/image/105992231-1561667465295gettyimages-521697453.jpeg?v=1561667497&amp;w=740&amp;h=416"],"tags": [{"id": 0,"name": "dog1"}],"status": "available"} . passed
When method put ........................................................... passed
Then status 200 ........................................................... passed
And match response.name contains 'James Anderson' ......................... passed
Given url 'https://petstore.swagger.io/v2/pet/findByStatus?status=available' . passed
When method get ........................................................... passed
Then status 200 ........................................................... passed
Given url 'https://petstore.swagger.io/v2/pet/findByStatus?status=pending' . passed
When method get ........................................................... passed
Then status 200 ........................................................... passed
Given url 'https://petstore.swagger.io/v2/pet/findByStatus?status=sold' ... passed
When method get ........................................................... passed
Then status 200 ........................................................... passed
Given url 'https://petstore.swagger.io/v2/pet/' ........................... passed
Given path '/1' ........................................................... passed
When method get ........................................................... passed
Then status 200 ........................................................... passed
And match response.id contains 1 .......................................... passed</system-out>
  </testcase>
  <testcase classname="src.main.java.Swagger_Petstore" name="Updates a pet in the store with form data" time="1.27672">
    <system-out>Given url 'https://petstore.swagger.io/v2/pet' ............................ passed
And request {"id": 1,"category": {"id": 1, "name": "Dog"},"name": "James","photoUrls": ["https://image.cnbcfm.com/api/v1/image/105992231-1561667465295gettyimages-521697453.jpeg?v=1561667497&amp;w=740&amp;h=416"],"tags": [{"id": 0,"name": "dog1"}],"status": "available"} . passed
When method post .......................................................... passed
Then status 200 ........................................................... passed
And match response.name contains 'James' .................................. passed
Given url 'https://petstore.swagger.io/v2/pet/1/uploadImage' .............. passed
And multipart field file = read('maxresdefault.jpg') ...................... passed
And header accept = 'application/json' .................................... passed
And header Content-Type = 'multipart/form-data' ........................... passed
When method post .......................................................... passed
Then status 200 ........................................................... passed
And match response.message contains 'File uploaded' ....................... passed
Given url 'https://petstore.swagger.io/v2/pet' ............................ passed
And request {"id": 1,"category": {"id": 1, "name": "Dog"},"name": "James Anderson","photoUrls": ["https://image.cnbcfm.com/api/v1/image/105992231-1561667465295gettyimages-521697453.jpeg?v=1561667497&amp;w=740&amp;h=416"],"tags": [{"id": 0,"name": "dog1"}],"status": "available"} . passed
When method put ........................................................... passed
Then status 200 ........................................................... passed
And match response.name contains 'James Anderson' ......................... passed
Given url 'https://petstore.swagger.io/v2/pet/findByStatus?status=available' . passed
When method get ........................................................... passed
Then status 200 ........................................................... passed
Given url 'https://petstore.swagger.io/v2/pet/findByStatus?status=pending' . passed
When method get ........................................................... passed
Then status 200 ........................................................... passed
Given url 'https://petstore.swagger.io/v2/pet/findByStatus?status=sold' ... passed
When method get ........................................................... passed
Then status 200 ........................................................... passed
Given url 'https://petstore.swagger.io/v2/pet/' ........................... passed
Given path '/1' ........................................................... passed
When method get ........................................................... passed
Then status 200 ........................................................... passed
And match response.id contains 1 .......................................... passed
Given url 'https://petstore.swagger.io/v2/pet' ............................ passed
Given path '/1' ........................................................... passed
And form field name = 'Dog1' .............................................. passed
When method post .......................................................... passed
Then status 200 ........................................................... passed
And match response.message contains '1' ................................... passed</system-out>
  </testcase>
  <testcase classname="src.main.java.Swagger_Petstore" name="Deletes a pet" time="1.277823">
    <system-out>Given url 'https://petstore.swagger.io/v2/pet' ............................ passed
And request {"id": 1,"category": {"id": 1, "name": "Dog"},"name": "James","photoUrls": ["https://image.cnbcfm.com/api/v1/image/105992231-1561667465295gettyimages-521697453.jpeg?v=1561667497&amp;w=740&amp;h=416"],"tags": [{"id": 0,"name": "dog1"}],"status": "available"} . passed
When method post .......................................................... passed
Then status 200 ........................................................... passed
And match response.name contains 'James' .................................. passed
Given url 'https://petstore.swagger.io/v2/pet/1/uploadImage' .............. passed
And multipart field file = read('maxresdefault.jpg') ...................... passed
And header accept = 'application/json' .................................... passed
And header Content-Type = 'multipart/form-data' ........................... passed
When method post .......................................................... passed
Then status 200 ........................................................... passed
And match response.message contains 'File uploaded' ....................... passed
Given url 'https://petstore.swagger.io/v2/pet' ............................ passed
And request {"id": 1,"category": {"id": 1, "name": "Dog"},"name": "James Anderson","photoUrls": ["https://image.cnbcfm.com/api/v1/image/105992231-1561667465295gettyimages-521697453.jpeg?v=1561667497&amp;w=740&amp;h=416"],"tags": [{"id": 0,"name": "dog1"}],"status": "available"} . passed
When method put ........................................................... passed
Then status 200 ........................................................... passed
And match response.name contains 'James Anderson' ......................... passed
Given url 'https://petstore.swagger.io/v2/pet/findByStatus?status=available' . passed
When method get ........................................................... passed
Then status 200 ........................................................... passed
Given url 'https://petstore.swagger.io/v2/pet/findByStatus?status=pending' . passed
When method get ........................................................... passed
Then status 200 ........................................................... passed
Given url 'https://petstore.swagger.io/v2/pet/findByStatus?status=sold' ... passed
When method get ........................................................... passed
Then status 200 ........................................................... passed
Given url 'https://petstore.swagger.io/v2/pet/' ........................... passed
Given path '/1' ........................................................... passed
When method get ........................................................... passed
Then status 200 ........................................................... passed
And match response.id contains 1 .......................................... passed
Given url 'https://petstore.swagger.io/v2/pet' ............................ passed
Given path '/1' ........................................................... passed
And form field name = 'Dog1' .............................................. passed
When method post .......................................................... passed
Then status 200 ........................................................... passed
And match response.message contains '1' ................................... passed
Given url 'https://petstore.swagger.io/v2/pet' ............................ passed
Given path '/1' ........................................................... passed
When method delete ........................................................ passed
Then status 200 ........................................................... passed
And match response.message contains '1' ................................... passed</system-out>
  </testcase>
  <testcase classname="src.main.java.Swagger_Petstore" name="Place an order for a pet" time="1.303244">
    <system-out>Given url 'https://petstore.swagger.io/v2/pet' ............................ passed
And request {"id": 1,"category": {"id": 1, "name": "Dog"},"name": "James","photoUrls": ["https://image.cnbcfm.com/api/v1/image/105992231-1561667465295gettyimages-521697453.jpeg?v=1561667497&amp;w=740&amp;h=416"],"tags": [{"id": 0,"name": "dog1"}],"status": "available"} . passed
When method post .......................................................... passed
Then status 200 ........................................................... passed
And match response.name contains 'James' .................................. passed
Given url 'https://petstore.swagger.io/v2/pet/1/uploadImage' .............. passed
And multipart field file = read('maxresdefault.jpg') ...................... passed
And header accept = 'application/json' .................................... passed
And header Content-Type = 'multipart/form-data' ........................... passed
When method post .......................................................... passed
Then status 200 ........................................................... passed
And match response.message contains 'File uploaded' ....................... passed
Given url 'https://petstore.swagger.io/v2/pet' ............................ passed
And request {"id": 1,"category": {"id": 1, "name": "Dog"},"name": "James Anderson","photoUrls": ["https://image.cnbcfm.com/api/v1/image/105992231-1561667465295gettyimages-521697453.jpeg?v=1561667497&amp;w=740&amp;h=416"],"tags": [{"id": 0,"name": "dog1"}],"status": "available"} . passed
When method put ........................................................... passed
Then status 200 ........................................................... passed
And match response.name contains 'James Anderson' ......................... passed
Given url 'https://petstore.swagger.io/v2/pet/findByStatus?status=available' . passed
When method get ........................................................... passed
Then status 200 ........................................................... passed
Given url 'https://petstore.swagger.io/v2/pet/findByStatus?status=pending' . passed
When method get ........................................................... passed
Then status 200 ........................................................... passed
Given url 'https://petstore.swagger.io/v2/pet/findByStatus?status=sold' ... passed
When method get ........................................................... passed
Then status 200 ........................................................... passed
Given url 'https://petstore.swagger.io/v2/pet/' ........................... passed
Given path '/1' ........................................................... passed
When method get ........................................................... passed
Then status 200 ........................................................... passed
And match response.id contains 1 .......................................... passed
Given url 'https://petstore.swagger.io/v2/pet' ............................ passed
Given path '/1' ........................................................... passed
And form field name = 'Dog1' .............................................. passed
When method post .......................................................... passed
Then status 200 ........................................................... passed
And match response.message contains '1' ................................... passed
Given url 'https://petstore.swagger.io/v2/pet' ............................ passed
Given path '/1' ........................................................... passed
When method delete ........................................................ passed
Then status 200 ........................................................... passed
And match response.message contains '1' ................................... passed
Given url 'https://petstore.swagger.io/v2/store/order' .................... passed
And request {"id":7,"petId":1,"quantity":1,"shipDate":"2020-08-07T06:46:34.763Z","status":"placed","complete":true} . passed
When method post .......................................................... passed
Then status 200 ........................................................... passed</system-out>
  </testcase>
  <testcase classname="src.main.java.Swagger_Petstore" name="Find purchase order by ID" time="1.273949">
    <system-out>Given url 'https://petstore.swagger.io/v2/pet' ............................ passed
And request {"id": 1,"category": {"id": 1, "name": "Dog"},"name": "James","photoUrls": ["https://image.cnbcfm.com/api/v1/image/105992231-1561667465295gettyimages-521697453.jpeg?v=1561667497&amp;w=740&amp;h=416"],"tags": [{"id": 0,"name": "dog1"}],"status": "available"} . passed
When method post .......................................................... passed
Then status 200 ........................................................... passed
And match response.name contains 'James' .................................. passed
Given url 'https://petstore.swagger.io/v2/pet/1/uploadImage' .............. passed
And multipart field file = read('maxresdefault.jpg') ...................... passed
And header accept = 'application/json' .................................... passed
And header Content-Type = 'multipart/form-data' ........................... passed
When method post .......................................................... passed
Then status 200 ........................................................... passed
And match response.message contains 'File uploaded' ....................... passed
Given url 'https://petstore.swagger.io/v2/pet' ............................ passed
And request {"id": 1,"category": {"id": 1, "name": "Dog"},"name": "James Anderson","photoUrls": ["https://image.cnbcfm.com/api/v1/image/105992231-1561667465295gettyimages-521697453.jpeg?v=1561667497&amp;w=740&amp;h=416"],"tags": [{"id": 0,"name": "dog1"}],"status": "available"} . passed
When method put ........................................................... passed
Then status 200 ........................................................... passed
And match response.name contains 'James Anderson' ......................... passed
Given url 'https://petstore.swagger.io/v2/pet/findByStatus?status=available' . passed
When method get ........................................................... passed
Then status 200 ........................................................... passed
Given url 'https://petstore.swagger.io/v2/pet/findByStatus?status=pending' . passed
When method get ........................................................... passed
Then status 200 ........................................................... passed
Given url 'https://petstore.swagger.io/v2/pet/findByStatus?status=sold' ... passed
When method get ........................................................... passed
Then status 200 ........................................................... passed
Given url 'https://petstore.swagger.io/v2/pet/' ........................... passed
Given path '/1' ........................................................... passed
When method get ........................................................... passed
Then status 200 ........................................................... passed
And match response.id contains 1 .......................................... passed
Given url 'https://petstore.swagger.io/v2/pet' ............................ passed
Given path '/1' ........................................................... passed
And form field name = 'Dog1' .............................................. passed
When method post .......................................................... passed
Then status 200 ........................................................... passed
And match response.message contains '1' ................................... passed
Given url 'https://petstore.swagger.io/v2/pet' ............................ passed
Given path '/1' ........................................................... passed
When method delete ........................................................ passed
Then status 200 ........................................................... passed
And match response.message contains '1' ................................... passed
Given url 'https://petstore.swagger.io/v2/store/order' .................... passed
And request {"id":7,"petId":1,"quantity":1,"shipDate":"2020-08-07T06:46:34.763Z","status":"placed","complete":true} . passed
When method post .......................................................... passed
Then status 200 ........................................................... passed
Given url 'https://petstore.swagger.io/v2/store/order' .................... passed
Given path '/7' ........................................................... passed
When method get ........................................................... passed
Then status 200 ........................................................... passed
And match response.id contains 7 .......................................... passed</system-out>
  </testcase>
  <testcase classname="src.main.java.Swagger_Petstore" name="Delete purchase order by ID" time="1.314928">
    <system-out>Given url 'https://petstore.swagger.io/v2/pet' ............................ passed
And request {"id": 1,"category": {"id": 1, "name": "Dog"},"name": "James","photoUrls": ["https://image.cnbcfm.com/api/v1/image/105992231-1561667465295gettyimages-521697453.jpeg?v=1561667497&amp;w=740&amp;h=416"],"tags": [{"id": 0,"name": "dog1"}],"status": "available"} . passed
When method post .......................................................... passed
Then status 200 ........................................................... passed
And match response.name contains 'James' .................................. passed
Given url 'https://petstore.swagger.io/v2/pet/1/uploadImage' .............. passed
And multipart field file = read('maxresdefault.jpg') ...................... passed
And header accept = 'application/json' .................................... passed
And header Content-Type = 'multipart/form-data' ........................... passed
When method post .......................................................... passed
Then status 200 ........................................................... passed
And match response.message contains 'File uploaded' ....................... passed
Given url 'https://petstore.swagger.io/v2/pet' ............................ passed
And request {"id": 1,"category": {"id": 1, "name": "Dog"},"name": "James Anderson","photoUrls": ["https://image.cnbcfm.com/api/v1/image/105992231-1561667465295gettyimages-521697453.jpeg?v=1561667497&amp;w=740&amp;h=416"],"tags": [{"id": 0,"name": "dog1"}],"status": "available"} . passed
When method put ........................................................... passed
Then status 200 ........................................................... passed
And match response.name contains 'James Anderson' ......................... passed
Given url 'https://petstore.swagger.io/v2/pet/findByStatus?status=available' . passed
When method get ........................................................... passed
Then status 200 ........................................................... passed
Given url 'https://petstore.swagger.io/v2/pet/findByStatus?status=pending' . passed
When method get ........................................................... passed
Then status 200 ........................................................... passed
Given url 'https://petstore.swagger.io/v2/pet/findByStatus?status=sold' ... passed
When method get ........................................................... passed
Then status 200 ........................................................... passed
Given url 'https://petstore.swagger.io/v2/pet/' ........................... passed
Given path '/1' ........................................................... passed
When method get ........................................................... passed
Then status 200 ........................................................... passed
And match response.id contains 1 .......................................... passed
Given url 'https://petstore.swagger.io/v2/pet' ............................ passed
Given path '/1' ........................................................... passed
And form field name = 'Dog1' .............................................. passed
When method post .......................................................... passed
Then status 200 ........................................................... passed
And match response.message contains '1' ................................... passed
Given url 'https://petstore.swagger.io/v2/pet' ............................ passed
Given path '/1' ........................................................... passed
When method delete ........................................................ passed
Then status 200 ........................................................... passed
And match response.message contains '1' ................................... passed
Given url 'https://petstore.swagger.io/v2/store/order' .................... passed
And request {"id":7,"petId":1,"quantity":1,"shipDate":"2020-08-07T06:46:34.763Z","status":"placed","complete":true} . passed
When method post .......................................................... passed
Then status 200 ........................................................... passed
Given url 'https://petstore.swagger.io/v2/store/order' .................... passed
Given path '/7' ........................................................... passed
When method get ........................................................... passed
Then status 200 ........................................................... passed
And match response.id contains 7 .......................................... passed
Given url 'https://petstore.swagger.io/v2/store/order/' ................... passed
Given path '/7' ........................................................... passed
When method delete ........................................................ passed
Then status 200 ........................................................... passed
And match response.message contains '7' ................................... passed</system-out>
  </testcase>
  <testcase classname="src.main.java.Swagger_Petstore" name="Returns pet inventories by status" time="1.275401">
    <system-out>Given url 'https://petstore.swagger.io/v2/pet' ............................ passed
And request {"id": 1,"category": {"id": 1, "name": "Dog"},"name": "James","photoUrls": ["https://image.cnbcfm.com/api/v1/image/105992231-1561667465295gettyimages-521697453.jpeg?v=1561667497&amp;w=740&amp;h=416"],"tags": [{"id": 0,"name": "dog1"}],"status": "available"} . passed
When method post .......................................................... passed
Then status 200 ........................................................... passed
And match response.name contains 'James' .................................. passed
Given url 'https://petstore.swagger.io/v2/pet/1/uploadImage' .............. passed
And multipart field file = read('maxresdefault.jpg') ...................... passed
And header accept = 'application/json' .................................... passed
And header Content-Type = 'multipart/form-data' ........................... passed
When method post .......................................................... passed
Then status 200 ........................................................... passed
And match response.message contains 'File uploaded' ....................... passed
Given url 'https://petstore.swagger.io/v2/pet' ............................ passed
And request {"id": 1,"category": {"id": 1, "name": "Dog"},"name": "James Anderson","photoUrls": ["https://image.cnbcfm.com/api/v1/image/105992231-1561667465295gettyimages-521697453.jpeg?v=1561667497&amp;w=740&amp;h=416"],"tags": [{"id": 0,"name": "dog1"}],"status": "available"} . passed
When method put ........................................................... passed
Then status 200 ........................................................... passed
And match response.name contains 'James Anderson' ......................... passed
Given url 'https://petstore.swagger.io/v2/pet/findByStatus?status=available' . passed
When method get ........................................................... passed
Then status 200 ........................................................... passed
Given url 'https://petstore.swagger.io/v2/pet/findByStatus?status=pending' . passed
When method get ........................................................... passed
Then status 200 ........................................................... passed
Given url 'https://petstore.swagger.io/v2/pet/findByStatus?status=sold' ... passed
When method get ........................................................... passed
Then status 200 ........................................................... passed
Given url 'https://petstore.swagger.io/v2/pet/' ........................... passed
Given path '/1' ........................................................... passed
When method get ........................................................... passed
Then status 200 ........................................................... passed
And match response.id contains 1 .......................................... passed
Given url 'https://petstore.swagger.io/v2/pet' ............................ passed
Given path '/1' ........................................................... passed
And form field name = 'Dog1' .............................................. passed
When method post .......................................................... passed
Then status 200 ........................................................... passed
And match response.message contains '1' ................................... passed
Given url 'https://petstore.swagger.io/v2/pet' ............................ passed
Given path '/1' ........................................................... passed
When method delete ........................................................ passed
Then status 200 ........................................................... passed
And match response.message contains '1' ................................... passed
Given url 'https://petstore.swagger.io/v2/store/order' .................... passed
And request {"id":7,"petId":1,"quantity":1,"shipDate":"2020-08-07T06:46:34.763Z","status":"placed","complete":true} . passed
When method post .......................................................... passed
Then status 200 ........................................................... passed
Given url 'https://petstore.swagger.io/v2/store/order' .................... passed
Given path '/7' ........................................................... passed
When method get ........................................................... passed
Then status 200 ........................................................... passed
And match response.id contains 7 .......................................... passed
Given url 'https://petstore.swagger.io/v2/store/order/' ................... passed
Given path '/7' ........................................................... passed
When method delete ........................................................ passed
Then status 200 ........................................................... passed
And match response.message contains '7' ................................... passed
Given url 'https://petstore.swagger.io/v2/store/inventory' ................ passed
When method get ........................................................... passed
Then status 200 ........................................................... passed</system-out>
  </testcase>
  <testcase classname="src.main.java.Swagger_Petstore" name="Creates list of users with given input array" time="1.309547">
    <system-out>Given url 'https://petstore.swagger.io/v2/pet' ............................ passed
And request {"id": 1,"category": {"id": 1, "name": "Dog"},"name": "James","photoUrls": ["https://image.cnbcfm.com/api/v1/image/105992231-1561667465295gettyimages-521697453.jpeg?v=1561667497&amp;w=740&amp;h=416"],"tags": [{"id": 0,"name": "dog1"}],"status": "available"} . passed
When method post .......................................................... passed
Then status 200 ........................................................... passed
And match response.name contains 'James' .................................. passed
Given url 'https://petstore.swagger.io/v2/pet/1/uploadImage' .............. passed
And multipart field file = read('maxresdefault.jpg') ...................... passed
And header accept = 'application/json' .................................... passed
And header Content-Type = 'multipart/form-data' ........................... passed
When method post .......................................................... passed
Then status 200 ........................................................... passed
And match response.message contains 'File uploaded' ....................... passed
Given url 'https://petstore.swagger.io/v2/pet' ............................ passed
And request {"id": 1,"category": {"id": 1, "name": "Dog"},"name": "James Anderson","photoUrls": ["https://image.cnbcfm.com/api/v1/image/105992231-1561667465295gettyimages-521697453.jpeg?v=1561667497&amp;w=740&amp;h=416"],"tags": [{"id": 0,"name": "dog1"}],"status": "available"} . passed
When method put ........................................................... passed
Then status 200 ........................................................... passed
And match response.name contains 'James Anderson' ......................... passed
Given url 'https://petstore.swagger.io/v2/pet/findByStatus?status=available' . passed
When method get ........................................................... passed
Then status 200 ........................................................... passed
Given url 'https://petstore.swagger.io/v2/pet/findByStatus?status=pending' . passed
When method get ........................................................... passed
Then status 200 ........................................................... passed
Given url 'https://petstore.swagger.io/v2/pet/findByStatus?status=sold' ... passed
When method get ........................................................... passed
Then status 200 ........................................................... passed
Given url 'https://petstore.swagger.io/v2/pet/' ........................... passed
Given path '/1' ........................................................... passed
When method get ........................................................... passed
Then status 200 ........................................................... passed
And match response.id contains 1 .......................................... passed
Given url 'https://petstore.swagger.io/v2/pet' ............................ passed
Given path '/1' ........................................................... passed
And form field name = 'Dog1' .............................................. passed
When method post .......................................................... passed
Then status 200 ........................................................... passed
And match response.message contains '1' ................................... passed
Given url 'https://petstore.swagger.io/v2/pet' ............................ passed
Given path '/1' ........................................................... passed
When method delete ........................................................ passed
Then status 200 ........................................................... passed
And match response.message contains '1' ................................... passed
Given url 'https://petstore.swagger.io/v2/store/order' .................... passed
And request {"id":7,"petId":1,"quantity":1,"shipDate":"2020-08-07T06:46:34.763Z","status":"placed","complete":true} . passed
When method post .......................................................... passed
Then status 200 ........................................................... passed
Given url 'https://petstore.swagger.io/v2/store/order' .................... passed
Given path '/7' ........................................................... passed
When method get ........................................................... passed
Then status 200 ........................................................... passed
And match response.id contains 7 .......................................... passed
Given url 'https://petstore.swagger.io/v2/store/order/' ................... passed
Given path '/7' ........................................................... passed
When method delete ........................................................ passed
Then status 200 ........................................................... passed
And match response.message contains '7' ................................... passed
Given url 'https://petstore.swagger.io/v2/store/inventory' ................ passed
When method get ........................................................... passed
Then status 200 ........................................................... passed
Given url 'https://petstore.swagger.io/v2/user/createWithArray' ........... passed
And request [{"id":1,"username":"James1","firstName":"string1","lastName":"string1","email":"string1","password":"James1","phone":"string","userStatus":0}] . passed
When method post .......................................................... passed
Then status 200 ........................................................... passed
And match response.message contains 'ok' .................................. passed</system-out>
  </testcase>
  <testcase classname="src.main.java.Swagger_Petstore" name="Creates list of users with given input array" time="1.279325">
    <system-out>Given url 'https://petstore.swagger.io/v2/pet' ............................ passed
And request {"id": 1,"category": {"id": 1, "name": "Dog"},"name": "James","photoUrls": ["https://image.cnbcfm.com/api/v1/image/105992231-1561667465295gettyimages-521697453.jpeg?v=1561667497&amp;w=740&amp;h=416"],"tags": [{"id": 0,"name": "dog1"}],"status": "available"} . passed
When method post .......................................................... passed
Then status 200 ........................................................... passed
And match response.name contains 'James' .................................. passed
Given url 'https://petstore.swagger.io/v2/pet/1/uploadImage' .............. passed
And multipart field file = read('maxresdefault.jpg') ...................... passed
And header accept = 'application/json' .................................... passed
And header Content-Type = 'multipart/form-data' ........................... passed
When method post .......................................................... passed
Then status 200 ........................................................... passed
And match response.message contains 'File uploaded' ....................... passed
Given url 'https://petstore.swagger.io/v2/pet' ............................ passed
And request {"id": 1,"category": {"id": 1, "name": "Dog"},"name": "James Anderson","photoUrls": ["https://image.cnbcfm.com/api/v1/image/105992231-1561667465295gettyimages-521697453.jpeg?v=1561667497&amp;w=740&amp;h=416"],"tags": [{"id": 0,"name": "dog1"}],"status": "available"} . passed
When method put ........................................................... passed
Then status 200 ........................................................... passed
And match response.name contains 'James Anderson' ......................... passed
Given url 'https://petstore.swagger.io/v2/pet/findByStatus?status=available' . passed
When method get ........................................................... passed
Then status 200 ........................................................... passed
Given url 'https://petstore.swagger.io/v2/pet/findByStatus?status=pending' . passed
When method get ........................................................... passed
Then status 200 ........................................................... passed
Given url 'https://petstore.swagger.io/v2/pet/findByStatus?status=sold' ... passed
When method get ........................................................... passed
Then status 200 ........................................................... passed
Given url 'https://petstore.swagger.io/v2/pet/' ........................... passed
Given path '/1' ........................................................... passed
When method get ........................................................... passed
Then status 200 ........................................................... passed
And match response.id contains 1 .......................................... passed
Given url 'https://petstore.swagger.io/v2/pet' ............................ passed
Given path '/1' ........................................................... passed
And form field name = 'Dog1' .............................................. passed
When method post .......................................................... passed
Then status 200 ........................................................... passed
And match response.message contains '1' ................................... passed
Given url 'https://petstore.swagger.io/v2/pet' ............................ passed
Given path '/1' ........................................................... passed
When method delete ........................................................ passed
Then status 200 ........................................................... passed
And match response.message contains '1' ................................... passed
Given url 'https://petstore.swagger.io/v2/store/order' .................... passed
And request {"id":7,"petId":1,"quantity":1,"shipDate":"2020-08-07T06:46:34.763Z","status":"placed","complete":true} . passed
When method post .......................................................... passed
Then status 200 ........................................................... passed
Given url 'https://petstore.swagger.io/v2/store/order' .................... passed
Given path '/7' ........................................................... passed
When method get ........................................................... passed
Then status 200 ........................................................... passed
And match response.id contains 7 .......................................... passed
Given url 'https://petstore.swagger.io/v2/store/order/' ................... passed
Given path '/7' ........................................................... passed
When method delete ........................................................ passed
Then status 200 ........................................................... passed
And match response.message contains '7' ................................... passed
Given url 'https://petstore.swagger.io/v2/store/inventory' ................ passed
When method get ........................................................... passed
Then status 200 ........................................................... passed
Given url 'https://petstore.swagger.io/v2/user/createWithArray' ........... passed
And request [{"id":1,"username":"James1","firstName":"string1","lastName":"string1","email":"string1","password":"James1","phone":"string","userStatus":0}] . passed
When method post .......................................................... passed
Then status 200 ........................................................... passed
And match response.message contains 'ok' .................................. passed
Given url 'https://petstore.swagger.io/v2/user/createWithList' ............ passed
And request [{"id":1,"username":"James_Anderson","firstName":"string1","lastName":"string1","email":"string1","password":"James_Anderson","phone":"string","userStatus":0}] . passed
When method post .......................................................... passed
Then status 200 ........................................................... passed
And match response.message contains 'ok' .................................. passed</system-out>
  </testcase>
  <testcase classname="src.main.java.Swagger_Petstore" name="Get user by user name" time="1.308827">
    <system-out>Given url 'https://petstore.swagger.io/v2/pet' ............................ passed
And request {"id": 1,"category": {"id": 1, "name": "Dog"},"name": "James","photoUrls": ["https://image.cnbcfm.com/api/v1/image/105992231-1561667465295gettyimages-521697453.jpeg?v=1561667497&amp;w=740&amp;h=416"],"tags": [{"id": 0,"name": "dog1"}],"status": "available"} . passed
When method post .......................................................... passed
Then status 200 ........................................................... passed
And match response.name contains 'James' .................................. passed
Given url 'https://petstore.swagger.io/v2/pet/1/uploadImage' .............. passed
And multipart field file = read('maxresdefault.jpg') ...................... passed
And header accept = 'application/json' .................................... passed
And header Content-Type = 'multipart/form-data' ........................... passed
When method post .......................................................... passed
Then status 200 ........................................................... passed
And match response.message contains 'File uploaded' ....................... passed
Given url 'https://petstore.swagger.io/v2/pet' ............................ passed
And request {"id": 1,"category": {"id": 1, "name": "Dog"},"name": "James Anderson","photoUrls": ["https://image.cnbcfm.com/api/v1/image/105992231-1561667465295gettyimages-521697453.jpeg?v=1561667497&amp;w=740&amp;h=416"],"tags": [{"id": 0,"name": "dog1"}],"status": "available"} . passed
When method put ........................................................... passed
Then status 200 ........................................................... passed
And match response.name contains 'James Anderson' ......................... passed
Given url 'https://petstore.swagger.io/v2/pet/findByStatus?status=available' . passed
When method get ........................................................... passed
Then status 200 ........................................................... passed
Given url 'https://petstore.swagger.io/v2/pet/findByStatus?status=pending' . passed
When method get ........................................................... passed
Then status 200 ........................................................... passed
Given url 'https://petstore.swagger.io/v2/pet/findByStatus?status=sold' ... passed
When method get ........................................................... passed
Then status 200 ........................................................... passed
Given url 'https://petstore.swagger.io/v2/pet/' ........................... passed
Given path '/1' ........................................................... passed
When method get ........................................................... passed
Then status 200 ........................................................... passed
And match response.id contains 1 .......................................... passed
Given url 'https://petstore.swagger.io/v2/pet' ............................ passed
Given path '/1' ........................................................... passed
And form field name = 'Dog1' .............................................. passed
When method post .......................................................... passed
Then status 200 ........................................................... passed
And match response.message contains '1' ................................... passed
Given url 'https://petstore.swagger.io/v2/pet' ............................ passed
Given path '/1' ........................................................... passed
When method delete ........................................................ passed
Then status 200 ........................................................... passed
And match response.message contains '1' ................................... passed
Given url 'https://petstore.swagger.io/v2/store/order' .................... passed
And request {"id":7,"petId":1,"quantity":1,"shipDate":"2020-08-07T06:46:34.763Z","status":"placed","complete":true} . passed
When method post .......................................................... passed
Then status 200 ........................................................... passed
Given url 'https://petstore.swagger.io/v2/store/order' .................... passed
Given path '/7' ........................................................... passed
When method get ........................................................... passed
Then status 200 ........................................................... passed
And match response.id contains 7 .......................................... passed
Given url 'https://petstore.swagger.io/v2/store/order/' ................... passed
Given path '/7' ........................................................... passed
When method delete ........................................................ passed
Then status 200 ........................................................... passed
And match response.message contains '7' ................................... passed
Given url 'https://petstore.swagger.io/v2/store/inventory' ................ passed
When method get ........................................................... passed
Then status 200 ........................................................... passed
Given url 'https://petstore.swagger.io/v2/user/createWithArray' ........... passed
And request [{"id":1,"username":"James1","firstName":"string1","lastName":"string1","email":"string1","password":"James1","phone":"string","userStatus":0}] . passed
When method post .......................................................... passed
Then status 200 ........................................................... passed
And match response.message contains 'ok' .................................. passed
Given url 'https://petstore.swagger.io/v2/user/createWithList' ............ passed
And request [{"id":1,"username":"James_Anderson","firstName":"string1","lastName":"string1","email":"string1","password":"James_Anderson","phone":"string","userStatus":0}] . passed
When method post .......................................................... passed
Then status 200 ........................................................... passed
And match response.message contains 'ok' .................................. passed
Given url 'https://petstore.swagger.io/v2/user' ........................... passed
Given path '/James_Anderson' .............................................. passed
When method get ........................................................... passed
Then status 200 ........................................................... passed
And match response.username contains 'James_Anderson' ..................... passed</system-out>
  </testcase>
  <testcase classname="src.main.java.Swagger_Petstore" name="Updated user" time="1.301096">
    <system-out>Given url 'https://petstore.swagger.io/v2/pet' ............................ passed
And request {"id": 1,"category": {"id": 1, "name": "Dog"},"name": "James","photoUrls": ["https://image.cnbcfm.com/api/v1/image/105992231-1561667465295gettyimages-521697453.jpeg?v=1561667497&amp;w=740&amp;h=416"],"tags": [{"id": 0,"name": "dog1"}],"status": "available"} . passed
When method post .......................................................... passed
Then status 200 ........................................................... passed
And match response.name contains 'James' .................................. passed
Given url 'https://petstore.swagger.io/v2/pet/1/uploadImage' .............. passed
And multipart field file = read('maxresdefault.jpg') ...................... passed
And header accept = 'application/json' .................................... passed
And header Content-Type = 'multipart/form-data' ........................... passed
When method post .......................................................... passed
Then status 200 ........................................................... passed
And match response.message contains 'File uploaded' ....................... passed
Given url 'https://petstore.swagger.io/v2/pet' ............................ passed
And request {"id": 1,"category": {"id": 1, "name": "Dog"},"name": "James Anderson","photoUrls": ["https://image.cnbcfm.com/api/v1/image/105992231-1561667465295gettyimages-521697453.jpeg?v=1561667497&amp;w=740&amp;h=416"],"tags": [{"id": 0,"name": "dog1"}],"status": "available"} . passed
When method put ........................................................... passed
Then status 200 ........................................................... passed
And match response.name contains 'James Anderson' ......................... passed
Given url 'https://petstore.swagger.io/v2/pet/findByStatus?status=available' . passed
When method get ........................................................... passed
Then status 200 ........................................................... passed
Given url 'https://petstore.swagger.io/v2/pet/findByStatus?status=pending' . passed
When method get ........................................................... passed
Then status 200 ........................................................... passed
Given url 'https://petstore.swagger.io/v2/pet/findByStatus?status=sold' ... passed
When method get ........................................................... passed
Then status 200 ........................................................... passed
Given url 'https://petstore.swagger.io/v2/pet/' ........................... passed
Given path '/1' ........................................................... passed
When method get ........................................................... passed
Then status 200 ........................................................... passed
And match response.id contains 1 .......................................... passed
Given url 'https://petstore.swagger.io/v2/pet' ............................ passed
Given path '/1' ........................................................... passed
And form field name = 'Dog1' .............................................. passed
When method post .......................................................... passed
Then status 200 ........................................................... passed
And match response.message contains '1' ................................... passed
Given url 'https://petstore.swagger.io/v2/pet' ............................ passed
Given path '/1' ........................................................... passed
When method delete ........................................................ passed
Then status 200 ........................................................... passed
And match response.message contains '1' ................................... passed
Given url 'https://petstore.swagger.io/v2/store/order' .................... passed
And request {"id":7,"petId":1,"quantity":1,"shipDate":"2020-08-07T06:46:34.763Z","status":"placed","complete":true} . passed
When method post .......................................................... passed
Then status 200 ........................................................... passed
Given url 'https://petstore.swagger.io/v2/store/order' .................... passed
Given path '/7' ........................................................... passed
When method get ........................................................... passed
Then status 200 ........................................................... passed
And match response.id contains 7 .......................................... passed
Given url 'https://petstore.swagger.io/v2/store/order/' ................... passed
Given path '/7' ........................................................... passed
When method delete ........................................................ passed
Then status 200 ........................................................... passed
And match response.message contains '7' ................................... passed
Given url 'https://petstore.swagger.io/v2/store/inventory' ................ passed
When method get ........................................................... passed
Then status 200 ........................................................... passed
Given url 'https://petstore.swagger.io/v2/user/createWithArray' ........... passed
And request [{"id":1,"username":"James1","firstName":"string1","lastName":"string1","email":"string1","password":"James1","phone":"string","userStatus":0}] . passed
When method post .......................................................... passed
Then status 200 ........................................................... passed
And match response.message contains 'ok' .................................. passed
Given url 'https://petstore.swagger.io/v2/user/createWithList' ............ passed
And request [{"id":1,"username":"James_Anderson","firstName":"string1","lastName":"string1","email":"string1","password":"James_Anderson","phone":"string","userStatus":0}] . passed
When method post .......................................................... passed
Then status 200 ........................................................... passed
And match response.message contains 'ok' .................................. passed
Given url 'https://petstore.swagger.io/v2/user' ........................... passed
Given path '/James_Anderson' .............................................. passed
When method get ........................................................... passed
Then status 200 ........................................................... passed
And match response.username contains 'James_Anderson' ..................... passed
Given url 'https://petstore.swagger.io/v2/user' ........................... passed
Given path '/James' ....................................................... passed
And request {"id":1,"username":"James","firstName":"string","lastName":"string","email":"string","password":"string","phone":"string","userStatus":0} . passed
When method put ........................................................... passed
Then status 200 ........................................................... passed</system-out>
  </testcase>
  <testcase classname="src.main.java.Swagger_Petstore" name="Delete user" time="1.266258">
    <system-out>Given url 'https://petstore.swagger.io/v2/pet' ............................ passed
And request {"id": 1,"category": {"id": 1, "name": "Dog"},"name": "James","photoUrls": ["https://image.cnbcfm.com/api/v1/image/105992231-1561667465295gettyimages-521697453.jpeg?v=1561667497&amp;w=740&amp;h=416"],"tags": [{"id": 0,"name": "dog1"}],"status": "available"} . passed
When method post .......................................................... passed
Then status 200 ........................................................... passed
And match response.name contains 'James' .................................. passed
Given url 'https://petstore.swagger.io/v2/pet/1/uploadImage' .............. passed
And multipart field file = read('maxresdefault.jpg') ...................... passed
And header accept = 'application/json' .................................... passed
And header Content-Type = 'multipart/form-data' ........................... passed
When method post .......................................................... passed
Then status 200 ........................................................... passed
And match response.message contains 'File uploaded' ....................... passed
Given url 'https://petstore.swagger.io/v2/pet' ............................ passed
And request {"id": 1,"category": {"id": 1, "name": "Dog"},"name": "James Anderson","photoUrls": ["https://image.cnbcfm.com/api/v1/image/105992231-1561667465295gettyimages-521697453.jpeg?v=1561667497&amp;w=740&amp;h=416"],"tags": [{"id": 0,"name": "dog1"}],"status": "available"} . passed
When method put ........................................................... passed
Then status 200 ........................................................... passed
And match response.name contains 'James Anderson' ......................... passed
Given url 'https://petstore.swagger.io/v2/pet/findByStatus?status=available' . passed
When method get ........................................................... passed
Then status 200 ........................................................... passed
Given url 'https://petstore.swagger.io/v2/pet/findByStatus?status=pending' . passed
When method get ........................................................... passed
Then status 200 ........................................................... passed
Given url 'https://petstore.swagger.io/v2/pet/findByStatus?status=sold' ... passed
When method get ........................................................... passed
Then status 200 ........................................................... passed
Given url 'https://petstore.swagger.io/v2/pet/' ........................... passed
Given path '/1' ........................................................... passed
When method get ........................................................... passed
Then status 200 ........................................................... passed
And match response.id contains 1 .......................................... passed
Given url 'https://petstore.swagger.io/v2/pet' ............................ passed
Given path '/1' ........................................................... passed
And form field name = 'Dog1' .............................................. passed
When method post .......................................................... passed
Then status 200 ........................................................... passed
And match response.message contains '1' ................................... passed
Given url 'https://petstore.swagger.io/v2/pet' ............................ passed
Given path '/1' ........................................................... passed
When method delete ........................................................ passed
Then status 200 ........................................................... passed
And match response.message contains '1' ................................... passed
Given url 'https://petstore.swagger.io/v2/store/order' .................... passed
And request {"id":7,"petId":1,"quantity":1,"shipDate":"2020-08-07T06:46:34.763Z","status":"placed","complete":true} . passed
When method post .......................................................... passed
Then status 200 ........................................................... passed
Given url 'https://petstore.swagger.io/v2/store/order' .................... passed
Given path '/7' ........................................................... passed
When method get ........................................................... passed
Then status 200 ........................................................... passed
And match response.id contains 7 .......................................... passed
Given url 'https://petstore.swagger.io/v2/store/order/' ................... passed
Given path '/7' ........................................................... passed
When method delete ........................................................ passed
Then status 200 ........................................................... passed
And match response.message contains '7' ................................... passed
Given url 'https://petstore.swagger.io/v2/store/inventory' ................ passed
When method get ........................................................... passed
Then status 200 ........................................................... passed
Given url 'https://petstore.swagger.io/v2/user/createWithArray' ........... passed
And request [{"id":1,"username":"James1","firstName":"string1","lastName":"string1","email":"string1","password":"James1","phone":"string","userStatus":0}] . passed
When method post .......................................................... passed
Then status 200 ........................................................... passed
And match response.message contains 'ok' .................................. passed
Given url 'https://petstore.swagger.io/v2/user/createWithList' ............ passed
And request [{"id":1,"username":"James_Anderson","firstName":"string1","lastName":"string1","email":"string1","password":"James_Anderson","phone":"string","userStatus":0}] . passed
When method post .......................................................... passed
Then status 200 ........................................................... passed
And match response.message contains 'ok' .................................. passed
Given url 'https://petstore.swagger.io/v2/user' ........................... passed
Given path '/James_Anderson' .............................................. passed
When method get ........................................................... passed
Then status 200 ........................................................... passed
And match response.username contains 'James_Anderson' ..................... passed
Given url 'https://petstore.swagger.io/v2/user' ........................... passed
Given path '/James' ....................................................... passed
And request {"id":1,"username":"James","firstName":"string","lastName":"string","email":"string","password":"string","phone":"string","userStatus":0} . passed
When method put ........................................................... passed
Then status 200 ........................................................... passed
Given url 'https://petstore.swagger.io/v2/user' ........................... passed
Given path '/James' ....................................................... passed
When method delete ........................................................ passed
Then status 200 ........................................................... passed</system-out>
  </testcase>
  <testcase classname="src.main.java.Swagger_Petstore" name="Logs user into the system" time="1.333272">
    <system-out>Given url 'https://petstore.swagger.io/v2/pet' ............................ passed
And request {"id": 1,"category": {"id": 1, "name": "Dog"},"name": "James","photoUrls": ["https://image.cnbcfm.com/api/v1/image/105992231-1561667465295gettyimages-521697453.jpeg?v=1561667497&amp;w=740&amp;h=416"],"tags": [{"id": 0,"name": "dog1"}],"status": "available"} . passed
When method post .......................................................... passed
Then status 200 ........................................................... passed
And match response.name contains 'James' .................................. passed
Given url 'https://petstore.swagger.io/v2/pet/1/uploadImage' .............. passed
And multipart field file = read('maxresdefault.jpg') ...................... passed
And header accept = 'application/json' .................................... passed
And header Content-Type = 'multipart/form-data' ........................... passed
When method post .......................................................... passed
Then status 200 ........................................................... passed
And match response.message contains 'File uploaded' ....................... passed
Given url 'https://petstore.swagger.io/v2/pet' ............................ passed
And request {"id": 1,"category": {"id": 1, "name": "Dog"},"name": "James Anderson","photoUrls": ["https://image.cnbcfm.com/api/v1/image/105992231-1561667465295gettyimages-521697453.jpeg?v=1561667497&amp;w=740&amp;h=416"],"tags": [{"id": 0,"name": "dog1"}],"status": "available"} . passed
When method put ........................................................... passed
Then status 200 ........................................................... passed
And match response.name contains 'James Anderson' ......................... passed
Given url 'https://petstore.swagger.io/v2/pet/findByStatus?status=available' . passed
When method get ........................................................... passed
Then status 200 ........................................................... passed
Given url 'https://petstore.swagger.io/v2/pet/findByStatus?status=pending' . passed
When method get ........................................................... passed
Then status 200 ........................................................... passed
Given url 'https://petstore.swagger.io/v2/pet/findByStatus?status=sold' ... passed
When method get ........................................................... passed
Then status 200 ........................................................... passed
Given url 'https://petstore.swagger.io/v2/pet/' ........................... passed
Given path '/1' ........................................................... passed
When method get ........................................................... passed
Then status 200 ........................................................... passed
And match response.id contains 1 .......................................... passed
Given url 'https://petstore.swagger.io/v2/pet' ............................ passed
Given path '/1' ........................................................... passed
And form field name = 'Dog1' .............................................. passed
When method post .......................................................... passed
Then status 200 ........................................................... passed
And match response.message contains '1' ................................... passed
Given url 'https://petstore.swagger.io/v2/pet' ............................ passed
Given path '/1' ........................................................... passed
When method delete ........................................................ passed
Then status 200 ........................................................... passed
And match response.message contains '1' ................................... passed
Given url 'https://petstore.swagger.io/v2/store/order' .................... passed
And request {"id":7,"petId":1,"quantity":1,"shipDate":"2020-08-07T06:46:34.763Z","status":"placed","complete":true} . passed
When method post .......................................................... passed
Then status 200 ........................................................... passed
Given url 'https://petstore.swagger.io/v2/store/order' .................... passed
Given path '/7' ........................................................... passed
When method get ........................................................... passed
Then status 200 ........................................................... passed
And match response.id contains 7 .......................................... passed
Given url 'https://petstore.swagger.io/v2/store/order/' ................... passed
Given path '/7' ........................................................... passed
When method delete ........................................................ passed
Then status 200 ........................................................... passed
And match response.message contains '7' ................................... passed
Given url 'https://petstore.swagger.io/v2/store/inventory' ................ passed
When method get ........................................................... passed
Then status 200 ........................................................... passed
Given url 'https://petstore.swagger.io/v2/user/createWithArray' ........... passed
And request [{"id":1,"username":"James1","firstName":"string1","lastName":"string1","email":"string1","password":"James1","phone":"string","userStatus":0}] . passed
When method post .......................................................... passed
Then status 200 ........................................................... passed
And match response.message contains 'ok' .................................. passed
Given url 'https://petstore.swagger.io/v2/user/createWithList' ............ passed
And request [{"id":1,"username":"James_Anderson","firstName":"string1","lastName":"string1","email":"string1","password":"James_Anderson","phone":"string","userStatus":0}] . passed
When method post .......................................................... passed
Then status 200 ........................................................... passed
And match response.message contains 'ok' .................................. passed
Given url 'https://petstore.swagger.io/v2/user' ........................... passed
Given path '/James_Anderson' .............................................. passed
When method get ........................................................... passed
Then status 200 ........................................................... passed
And match response.username contains 'James_Anderson' ..................... passed
Given url 'https://petstore.swagger.io/v2/user' ........................... passed
Given path '/James' ....................................................... passed
And request {"id":1,"username":"James","firstName":"string","lastName":"string","email":"string","password":"string","phone":"string","userStatus":0} . passed
When method put ........................................................... passed
Then status 200 ........................................................... passed
Given url 'https://petstore.swagger.io/v2/user' ........................... passed
Given path '/James' ....................................................... passed
When method delete ........................................................ passed
Then status 200 ........................................................... passed
Given url 'https://petstore.swagger.io/v2/user/login?username=James&amp;password=James' . passed
When method get ........................................................... passed
Then status 200 ........................................................... passed
And match response.message contains 'logged in' ........................... passed</system-out>
  </testcase>
  <testcase classname="src.main.java.Swagger_Petstore" name="Logs out all current loggedin user" time="1.347951">
    <system-out>Given url 'https://petstore.swagger.io/v2/pet' ............................ passed
And request {"id": 1,"category": {"id": 1, "name": "Dog"},"name": "James","photoUrls": ["https://image.cnbcfm.com/api/v1/image/105992231-1561667465295gettyimages-521697453.jpeg?v=1561667497&amp;w=740&amp;h=416"],"tags": [{"id": 0,"name": "dog1"}],"status": "available"} . passed
When method post .......................................................... passed
Then status 200 ........................................................... passed
And match response.name contains 'James' .................................. passed
Given url 'https://petstore.swagger.io/v2/pet/1/uploadImage' .............. passed
And multipart field file = read('maxresdefault.jpg') ...................... passed
And header accept = 'application/json' .................................... passed
And header Content-Type = 'multipart/form-data' ........................... passed
When method post .......................................................... passed
Then status 200 ........................................................... passed
And match response.message contains 'File uploaded' ....................... passed
Given url 'https://petstore.swagger.io/v2/pet' ............................ passed
And request {"id": 1,"category": {"id": 1, "name": "Dog"},"name": "James Anderson","photoUrls": ["https://image.cnbcfm.com/api/v1/image/105992231-1561667465295gettyimages-521697453.jpeg?v=1561667497&amp;w=740&amp;h=416"],"tags": [{"id": 0,"name": "dog1"}],"status": "available"} . passed
When method put ........................................................... passed
Then status 200 ........................................................... passed
And match response.name contains 'James Anderson' ......................... passed
Given url 'https://petstore.swagger.io/v2/pet/findByStatus?status=available' . passed
When method get ........................................................... passed
Then status 200 ........................................................... passed
Given url 'https://petstore.swagger.io/v2/pet/findByStatus?status=pending' . passed
When method get ........................................................... passed
Then status 200 ........................................................... passed
Given url 'https://petstore.swagger.io/v2/pet/findByStatus?status=sold' ... passed
When method get ........................................................... passed
Then status 200 ........................................................... passed
Given url 'https://petstore.swagger.io/v2/pet/' ........................... passed
Given path '/1' ........................................................... passed
When method get ........................................................... passed
Then status 200 ........................................................... passed
And match response.id contains 1 .......................................... passed
Given url 'https://petstore.swagger.io/v2/pet' ............................ passed
Given path '/1' ........................................................... passed
And form field name = 'Dog1' .............................................. passed
When method post .......................................................... passed
Then status 200 ........................................................... passed
And match response.message contains '1' ................................... passed
Given url 'https://petstore.swagger.io/v2/pet' ............................ passed
Given path '/1' ........................................................... passed
When method delete ........................................................ passed
Then status 200 ........................................................... passed
And match response.message contains '1' ................................... passed
Given url 'https://petstore.swagger.io/v2/store/order' .................... passed
And request {"id":7,"petId":1,"quantity":1,"shipDate":"2020-08-07T06:46:34.763Z","status":"placed","complete":true} . passed
When method post .......................................................... passed
Then status 200 ........................................................... passed
Given url 'https://petstore.swagger.io/v2/store/order' .................... passed
Given path '/7' ........................................................... passed
When method get ........................................................... passed
Then status 200 ........................................................... passed
And match response.id contains 7 .......................................... passed
Given url 'https://petstore.swagger.io/v2/store/order/' ................... passed
Given path '/7' ........................................................... passed
When method delete ........................................................ passed
Then status 200 ........................................................... passed
And match response.message contains '7' ................................... passed
Given url 'https://petstore.swagger.io/v2/store/inventory' ................ passed
When method get ........................................................... passed
Then status 200 ........................................................... passed
Given url 'https://petstore.swagger.io/v2/user/createWithArray' ........... passed
And request [{"id":1,"username":"James1","firstName":"string1","lastName":"string1","email":"string1","password":"James1","phone":"string","userStatus":0}] . passed
When method post .......................................................... passed
Then status 200 ........................................................... passed
And match response.message contains 'ok' .................................. passed
Given url 'https://petstore.swagger.io/v2/user/createWithList' ............ passed
And request [{"id":1,"username":"James_Anderson","firstName":"string1","lastName":"string1","email":"string1","password":"James_Anderson","phone":"string","userStatus":0}] . passed
When method post .......................................................... passed
Then status 200 ........................................................... passed
And match response.message contains 'ok' .................................. passed
Given url 'https://petstore.swagger.io/v2/user' ........................... passed
Given path '/James_Anderson' .............................................. passed
When method get ........................................................... passed
Then status 200 ........................................................... passed
And match response.username contains 'James_Anderson' ..................... passed
Given url 'https://petstore.swagger.io/v2/user' ........................... passed
Given path '/James' ....................................................... passed
And request {"id":1,"username":"James","firstName":"string","lastName":"string","email":"string","password":"string","phone":"string","userStatus":0} . passed
When method put ........................................................... passed
Then status 200 ........................................................... passed
Given url 'https://petstore.swagger.io/v2/user' ........................... passed
Given path '/James' ....................................................... passed
When method delete ........................................................ passed
Then status 200 ........................................................... passed
Given url 'https://petstore.swagger.io/v2/user/login?username=James&amp;password=James' . passed
When method get ........................................................... passed
Then status 200 ........................................................... passed
And match response.message contains 'logged in' ........................... passed
Given url 'https://petstore.swagger.io/v2/user/logout' .................... passed
When method get ........................................................... passed
Then status 200 ........................................................... passed
And match response.message contains 'ok' .................................. passed</system-out>
  </testcase>
  <testcase classname="src.main.java.Swagger_Petstore" name="Create user" time="1.296835">
    <system-out>Given url 'https://petstore.swagger.io/v2/pet' ............................ passed
And request {"id": 1,"category": {"id": 1, "name": "Dog"},"name": "James","photoUrls": ["https://image.cnbcfm.com/api/v1/image/105992231-1561667465295gettyimages-521697453.jpeg?v=1561667497&amp;w=740&amp;h=416"],"tags": [{"id": 0,"name": "dog1"}],"status": "available"} . passed
When method post .......................................................... passed
Then status 200 ........................................................... passed
And match response.name contains 'James' .................................. passed
Given url 'https://petstore.swagger.io/v2/pet/1/uploadImage' .............. passed
And multipart field file = read('maxresdefault.jpg') ...................... passed
And header accept = 'application/json' .................................... passed
And header Content-Type = 'multipart/form-data' ........................... passed
When method post .......................................................... passed
Then status 200 ........................................................... passed
And match response.message contains 'File uploaded' ....................... passed
Given url 'https://petstore.swagger.io/v2/pet' ............................ passed
And request {"id": 1,"category": {"id": 1, "name": "Dog"},"name": "James Anderson","photoUrls": ["https://image.cnbcfm.com/api/v1/image/105992231-1561667465295gettyimages-521697453.jpeg?v=1561667497&amp;w=740&amp;h=416"],"tags": [{"id": 0,"name": "dog1"}],"status": "available"} . passed
When method put ........................................................... passed
Then status 200 ........................................................... passed
And match response.name contains 'James Anderson' ......................... passed
Given url 'https://petstore.swagger.io/v2/pet/findByStatus?status=available' . passed
When method get ........................................................... passed
Then status 200 ........................................................... passed
Given url 'https://petstore.swagger.io/v2/pet/findByStatus?status=pending' . passed
When method get ........................................................... passed
Then status 200 ........................................................... passed
Given url 'https://petstore.swagger.io/v2/pet/findByStatus?status=sold' ... passed
When method get ........................................................... passed
Then status 200 ........................................................... passed
Given url 'https://petstore.swagger.io/v2/pet/' ........................... passed
Given path '/1' ........................................................... passed
When method get ........................................................... passed
Then status 200 ........................................................... passed
And match response.id contains 1 .......................................... passed
Given url 'https://petstore.swagger.io/v2/pet' ............................ passed
Given path '/1' ........................................................... passed
And form field name = 'Dog1' .............................................. passed
When method post .......................................................... passed
Then status 200 ........................................................... passed
And match response.message contains '1' ................................... passed
Given url 'https://petstore.swagger.io/v2/pet' ............................ passed
Given path '/1' ........................................................... passed
When method delete ........................................................ passed
Then status 200 ........................................................... passed
And match response.message contains '1' ................................... passed
Given url 'https://petstore.swagger.io/v2/store/order' .................... passed
And request {"id":7,"petId":1,"quantity":1,"shipDate":"2020-08-07T06:46:34.763Z","status":"placed","complete":true} . passed
When method post .......................................................... passed
Then status 200 ........................................................... passed
Given url 'https://petstore.swagger.io/v2/store/order' .................... passed
Given path '/7' ........................................................... passed
When method get ........................................................... passed
Then status 200 ........................................................... passed
And match response.id contains 7 .......................................... passed
Given url 'https://petstore.swagger.io/v2/store/order/' ................... passed
Given path '/7' ........................................................... passed
When method delete ........................................................ passed
Then status 200 ........................................................... passed
And match response.message contains '7' ................................... passed
Given url 'https://petstore.swagger.io/v2/store/inventory' ................ passed
When method get ........................................................... passed
Then status 200 ........................................................... passed
Given url 'https://petstore.swagger.io/v2/user/createWithArray' ........... passed
And request [{"id":1,"username":"James1","firstName":"string1","lastName":"string1","email":"string1","password":"James1","phone":"string","userStatus":0}] . passed
When method post .......................................................... passed
Then status 200 ........................................................... passed
And match response.message contains 'ok' .................................. passed
Given url 'https://petstore.swagger.io/v2/user/createWithList' ............ passed
And request [{"id":1,"username":"James_Anderson","firstName":"string1","lastName":"string1","email":"string1","password":"James_Anderson","phone":"string","userStatus":0}] . passed
When method post .......................................................... passed
Then status 200 ........................................................... passed
And match response.message contains 'ok' .................................. passed
Given url 'https://petstore.swagger.io/v2/user' ........................... passed
Given path '/James_Anderson' .............................................. passed
When method get ........................................................... passed
Then status 200 ........................................................... passed
And match response.username contains 'James_Anderson' ..................... passed
Given url 'https://petstore.swagger.io/v2/user' ........................... passed
Given path '/James' ....................................................... passed
And request {"id":1,"username":"James","firstName":"string","lastName":"string","email":"string","password":"string","phone":"string","userStatus":0} . passed
When method put ........................................................... passed
Then status 200 ........................................................... passed
Given url 'https://petstore.swagger.io/v2/user' ........................... passed
Given path '/James' ....................................................... passed
When method delete ........................................................ passed
Then status 200 ........................................................... passed
Given url 'https://petstore.swagger.io/v2/user/login?username=James&amp;password=James' . passed
When method get ........................................................... passed
Then status 200 ........................................................... passed
And match response.message contains 'logged in' ........................... passed
Given url 'https://petstore.swagger.io/v2/user/logout' .................... passed
When method get ........................................................... passed
Then status 200 ........................................................... passed
And match response.message contains 'ok' .................................. passed
Given url 'https://petstore.swagger.io/v2/user' ........................... passed
And request {"id":1,"username":"James","firstName":"string","lastName":"string","email":"string","password":"James","phone":"string","userStatus":0} . passed
When method post .......................................................... passed
Then status 200 ........................................................... passed</system-out>
  </testcase>
</testsuite>
